<?xml version="1.0" encoding="UTF-8"?>
<!-- Generated by org.testng.reporters.JUnitReportReporter -->
<testsuite hostname="Lokesh-PC" failures="0" tests="1" name="extend.api.region" time="0.002" errors="0" timestamp="2022-01-05T13:50:40 IST" skipped="0">
  <testcase classname="extend.api.region" name="filename" time="0.002"/>
  <system-out/>
</testsuite> <!-- extend.api.region -->
