<?xml version="1.0" encoding="UTF-8"?>
<!-- Generated by org.testng.reporters.JUnitReportReporter -->
<testsuite hostname="Lokesh-PC" failures="0" tests="1" name="testsuite1.test.Region_ID_DELETE" time="7.645" errors="0" timestamp="2022-01-05T13:50:40 IST" skipped="0">
  <testcase classname="testsuite1.test.Region_ID_DELETE" name="DELETE_Specific_Region_using_ID" time="7.645"/>
  <system-out/>
</testsuite> <!-- testsuite1.test.Region_ID_DELETE -->
