<?xml version="1.0" encoding="UTF-8"?>
<!-- Generated by org.testng.reporters.JUnitReportReporter -->
<testsuite hostname="Lokesh-PC" failures="0" tests="1" name="extend.api.CreateReport" time="0.146" errors="0" timestamp="2022-01-05T13:53:15 IST" skipped="0">
  <testcase classname="extend.api.CreateReport" name="extent" time="0.146"/>
  <system-out/>
</testsuite> <!-- extend.api.CreateReport -->
