<?xml version="1.0" encoding="UTF-8"?>
<!-- Generated by org.testng.reporters.JUnitReportReporter -->
<testsuite hostname="Lokesh-PC" failures="0" tests="1" name="testsuite1.test.ALL_USER_VV_LOGIN" time="119.560" errors="0" timestamp="2022-01-05T13:53:15 IST" skipped="0">
  <testcase classname="testsuite1.test.ALL_USER_VV_LOGIN" name="All_USER_LOGIN_Validation" time="119.560"/>
  <system-out/>
</testsuite> <!-- testsuite1.test.ALL_USER_VV_LOGIN -->
