<?xml version="1.0" encoding="UTF-8"?>
<!-- Generated by org.testng.reporters.JUnitReportReporter -->
<testsuite hostname="Lokesh-PC" failures="0" tests="1" name="testsuite1.test.Region_ALL_POST" time="6.387" errors="0" timestamp="2022-01-05T13:50:40 IST" skipped="0">
  <testcase classname="testsuite1.test.Region_ALL_POST" name="CREATE_New_Region" time="6.387"/>
  <system-out/>
</testsuite> <!-- testsuite1.test.Region_ALL_POST -->
