<?xml version="1.0" encoding="UTF-8"?>
<!-- Generated by org.testng.reporters.JUnitReportReporter -->
<testsuite hostname="Lokesh-PC" failures="0" tests="1" name="extend.api.login_validation" time="0.003" errors="0" timestamp="2022-01-05T13:53:15 IST" skipped="0">
  <testcase classname="extend.api.login_validation" name="filename" time="0.003"/>
  <system-out/>
</testsuite> <!-- extend.api.login_validation -->
