<?xml version="1.0" encoding="UTF-8"?>
<!-- Generated by org.testng.reporters.JUnitReportReporter -->
<testsuite hostname="Lokesh-PC" failures="0" tests="1" name="testsuite2.test.EntitySubType_GET_with_indistinct" time="26.855" errors="0" timestamp="2022-05-04T17:17:15 IST" skipped="0">
  <testcase classname="testsuite2.test.EntitySubType_GET_with_indistinct" name="View_EntitySubType" time="26.855"/>
  <system-out/>
</testsuite> <!-- testsuite2.test.EntitySubType_GET_with_indistinct -->
