<?xml version="1.0" encoding="UTF-8"?>
<!-- Generated by org.testng.reporters.JUnitReportReporter -->
<testsuite hostname="Lokesh-PC" failures="0" tests="1" name="testsuite1.test.Region_DELETE_Delete" time="10.074" errors="0" timestamp="2022-03-24T20:23:09 IST" skipped="0">
  <testcase classname="testsuite1.test.Region_DELETE_Delete" name="DELETE_Specific_Region_using_ID" time="10.074"/>
  <system-out/>
</testsuite> <!-- testsuite1.test.Region_DELETE_Delete -->
