<?xml version="1.0" encoding="UTF-8"?>
<!-- Generated by org.testng.reporters.JUnitReportReporter -->
<testsuite hostname="Lokesh-PC" failures="0" tests="1" name="testsuite1.test.UserJurisdiction_POST_with_indistinct" time="20.207" errors="0" timestamp="2022-06-10T16:58:17 IST" skipped="0">
  <testcase classname="testsuite1.test.UserJurisdiction_POST_with_indistinct" name="Create_UserJurisdiction_depend_with_Region_ID" time="20.207"/>
  <system-out/>
</testsuite> <!-- testsuite1.test.UserJurisdiction_POST_with_indistinct -->
