<?xml version="1.0" encoding="UTF-8"?>
<!-- Generated by org.testng.reporters.JUnitReportReporter -->
<testsuite hostname="Lokesh-PC" failures="0" tests="1" name="testsuite2.test.EntityType_GET_with_indistinct" time="5.812" errors="0" timestamp="2022-06-08T15:09:40 IST" skipped="0">
  <testcase classname="testsuite2.test.EntityType_GET_with_indistinct" name="View_EntityType" time="5.812"/>
  <system-out/>
</testsuite> <!-- testsuite2.test.EntityType_GET_with_indistinct -->
