<?xml version="1.0" encoding="UTF-8"?>
<!-- Generated by org.testng.reporters.JUnitReportReporter -->
<testsuite hostname="Lokesh-PC" failures="0" tests="1" name="testsuite1.test.UserJurisdiction_DELETE_with_indistinct" time="20.849" errors="0" timestamp="2022-06-10T16:58:17 IST" skipped="0">
  <testcase classname="testsuite1.test.UserJurisdiction_DELETE_with_indistinct" name="Delete_UserJurisdiction" time="20.849"/>
  <system-out/>
</testsuite> <!-- testsuite1.test.UserJurisdiction_DELETE_with_indistinct -->
