<?xml version="1.0" encoding="UTF-8"?>
<!-- Generated by org.testng.reporters.JUnitReportReporter -->
<testsuite hostname="Lokesh-PC" failures="0" tests="1" name="testsuite1.test.UserJurisdiction_GET_with_distinct_UserID_JurisdictionID" time="22.853" errors="0" timestamp="2022-04-29T11:04:03 IST" skipped="0">
  <testcase classname="testsuite1.test.UserJurisdiction_GET_with_distinct_UserID_JurisdictionID" name="View_Specific_UserJurisdiction_using_UserID_JurisID" time="22.853"/>
  <system-out/>
</testsuite> <!-- testsuite1.test.UserJurisdiction_GET_with_distinct_UserID_JurisdictionID -->
