<?xml version="1.0" encoding="UTF-8"?>
<!-- Generated by org.testng.reporters.JUnitReportReporter -->
<testsuite hostname="Lokesh-PC" failures="0" tests="1" name="testsuite1.test.UserJurisdiction_PUT_with_distinct_UpdateDefaultJurisdiction_with_JurisdictionID_UserID" time="23.036" errors="0" timestamp="2022-04-29T11:04:03 IST" skipped="0">
  <testcase classname="testsuite1.test.UserJurisdiction_PUT_with_distinct_UpdateDefaultJurisdiction_with_JurisdictionID_UserID" name="View_Specific_UserJurisdiction_UpdateDefaultJurisdiction_using_JurisdictionID_UserID" time="23.036"/>
  <system-out/>
</testsuite> <!-- testsuite1.test.UserJurisdiction_PUT_with_distinct_UpdateDefaultJurisdiction_with_JurisdictionID_UserID -->
