<?xml version="1.0" encoding="UTF-8"?>
<!-- Generated by org.testng.reporters.JUnitReportReporter -->
<testsuite hostname="Lokesh-PC" failures="0" tests="1" name="testsuite1.test.UserJurisdiction_GET_with_distinct_GetMyJurisdictions" time="3.714" errors="0" timestamp="2022-03-24T19:54:25 IST" skipped="0">
  <testcase classname="testsuite1.test.UserJurisdiction_GET_with_distinct_GetMyJurisdictions" name="View_Specific_UserJurisdiction_using_GetMyJurisdictions" time="3.714"/>
  <system-out/>
</testsuite> <!-- testsuite1.test.UserJurisdiction_GET_with_distinct_GetMyJurisdictions -->
