<?xml version="1.0" encoding="UTF-8"?>
<!-- Generated by org.testng.reporters.JUnitReportReporter -->
<testsuite hostname="Lokesh-PC" failures="0" tests="1" name="testsuite1.test.Jurisdiction_DELETE_with_distinct_JurisdictionID" time="11.518" errors="0" timestamp="2022-06-13T09:49:54 IST" skipped="0">
  <testcase classname="testsuite1.test.Jurisdiction_DELETE_with_distinct_JurisdictionID" name="View_Specific_Jurisdiction_using_ID" time="11.518"/>
  <system-out/>
</testsuite> <!-- testsuite1.test.Jurisdiction_DELETE_with_distinct_JurisdictionID -->
