<?xml version="1.0" encoding="UTF-8"?>
<!-- Generated by org.testng.reporters.JUnitReportReporter -->
<testsuite hostname="Lokesh-PC" failures="0" tests="1" name="scenarios.api.Jurisdiction_BaseLine" time="0.006" errors="0" timestamp="2022-06-13T09:49:54 IST" skipped="0">
  <testcase classname="scenarios.api.Jurisdiction_BaseLine" name="filename" time="0.006"/>
  <system-out/>
</testsuite> <!-- scenarios.api.Jurisdiction_BaseLine -->
