<?xml version="1.0" encoding="UTF-8"?>
<!-- Generated by org.testng.reporters.JUnitReportReporter -->
<testsuite hostname="Lokesh-PC" failures="0" tests="1" name="scenarios.api.UserRegion_UserIDRegionID" time="0.000" errors="0" timestamp="2022-04-18T12:19:38 IST" skipped="0">
  <testcase classname="scenarios.api.UserRegion_UserIDRegionID" name="filename" time="0.000"/>
  <system-out/>
</testsuite> <!-- scenarios.api.UserRegion_UserIDRegionID -->
