<?xml version="1.0" encoding="UTF-8"?>
<!-- Generated by org.testng.reporters.JUnitReportReporter -->
<testsuite hostname="Lokesh-PC" failures="0" tests="1" name="testsuite1.test.Jurisdiction_POST_with_indistinct" time="9.481" errors="0" timestamp="2022-06-13T09:49:54 IST" skipped="0">
  <testcase classname="testsuite1.test.Jurisdiction_POST_with_indistinct" name="Create_Jurisdiction_depend_with_Region_ID" time="9.481"/>
  <system-out/>
</testsuite> <!-- testsuite1.test.Jurisdiction_POST_with_indistinct -->
