<?xml version="1.0" encoding="UTF-8"?>
<!-- Generated by org.testng.reporters.JUnitReportReporter -->
<testsuite hostname="Lokesh-PC" failures="0" tests="1" name="testsuite1.test.User_Region_POST_with_indistinct" time="90.894" errors="0" timestamp="2022-04-15T11:02:23 IST" skipped="0">
  <testcase classname="testsuite1.test.User_Region_POST_with_indistinct" name="VIEW_All_UserRegion" time="90.894"/>
  <system-out/>
</testsuite> <!-- testsuite1.test.User_Region_POST_with_indistinct -->
