<?xml version="1.0" encoding="UTF-8"?>
<!-- Generated by org.testng.reporters.JUnitReportReporter -->
<testsuite hostname="Lokesh-PC" failures="0" tests="1" name="testsuite1.test.User_Region_GET_with_distinct_UserID" time="39.114" errors="0" timestamp="2022-04-21T22:36:26 IST" skipped="0">
  <testcase classname="testsuite1.test.User_Region_GET_with_distinct_UserID" name="VIEW_Specific_UserRegion_includes_UserID" time="39.114"/>
  <system-out/>
</testsuite> <!-- testsuite1.test.User_Region_GET_with_distinct_UserID -->
