<?xml version="1.0" encoding="UTF-8"?>
<!-- Generated by org.testng.reporters.JUnitReportReporter -->
<testsuite hostname="Lokesh-PC" failures="0" tests="1" name="testsuite1.test.UserJurisdiction_POST_with_indistinct" time="19.137" errors="0" timestamp="2022-06-13T09:54:03 IST" skipped="0">
  <testcase classname="testsuite1.test.UserJurisdiction_POST_with_indistinct" name="Create_UserJurisdiction_depend_with_Region_ID" time="19.137"/>
  <system-out/>
</testsuite> <!-- testsuite1.test.UserJurisdiction_POST_with_indistinct -->
