<?xml version="1.0" encoding="UTF-8"?>
<!-- Generated by org.testng.reporters.JUnitReportReporter -->
<testsuite hostname="Lokesh-PC" failures="0" tests="1" name="scenarios.api.Entities_BaseLine" time="0.007" errors="0" timestamp="2022-05-05T11:23:04 IST" skipped="0">
  <testcase classname="scenarios.api.Entities_BaseLine" name="filename" time="0.007"/>
  <system-out/>
</testsuite> <!-- scenarios.api.Entities_BaseLine -->
