<?xml version="1.0" encoding="UTF-8"?>
<!-- Generated by org.testng.reporters.JUnitReportReporter -->
<testsuite hostname="Lokesh-PC" failures="0" tests="1" name="scenarios.api.Region_RegionID" time="0.006" errors="0" timestamp="2022-03-24T20:23:09 IST" skipped="0">
  <testcase classname="scenarios.api.Region_RegionID" name="filename" time="0.006"/>
  <system-out/>
</testsuite> <!-- scenarios.api.Region_RegionID -->
