<?xml version="1.0" encoding="UTF-8"?>
<!-- Generated by org.testng.reporters.JUnitReportReporter -->
<testsuite hostname="Lokesh-PC" failures="0" tests="1" name="scenarios.api.EntitySubType_EntityTypeId_BaseLine" time="0.013" errors="0" timestamp="2022-05-04T17:17:15 IST" skipped="0">
  <testcase classname="scenarios.api.EntitySubType_EntityTypeId_BaseLine" name="filename" time="0.013"/>
  <system-out/>
</testsuite> <!-- scenarios.api.EntitySubType_EntityTypeId_BaseLine -->
