<?xml version="1.0" encoding="UTF-8"?>
<!-- Generated by org.testng.reporters.JUnitReportReporter -->
<testsuite hostname="Lokesh-PC" failures="0" tests="1" name="testsuite1.test.UserJurisdiction_POST_with_distinct_GetByJurisdictionID" time="18.560" errors="0" timestamp="2022-06-13T09:54:03 IST" skipped="0">
  <testcase classname="testsuite1.test.UserJurisdiction_POST_with_distinct_GetByJurisdictionID" name="Create_UserJurisdiction_using_GetByJurisdictionID" time="18.560"/>
  <system-out/>
</testsuite> <!-- testsuite1.test.UserJurisdiction_POST_with_distinct_GetByJurisdictionID -->
