<?xml version="1.0" encoding="UTF-8"?>
<!-- Generated by org.testng.reporters.JUnitReportReporter -->
<testsuite hostname="Lokesh-PC" failures="0" tests="1" name="scenarios.api.UserJurisdiction_GetByJurisdictionID" time="0.002" errors="0" timestamp="2022-03-24T19:54:24 IST" skipped="0">
  <testcase classname="scenarios.api.UserJurisdiction_GetByJurisdictionID" name="filename" time="0.002"/>
  <system-out/>
</testsuite> <!-- scenarios.api.UserJurisdiction_GetByJurisdictionID -->
