<?xml version="1.0" encoding="UTF-8"?>
<!-- Generated by org.testng.reporters.JUnitReportReporter -->
<testsuite hostname="Lokesh-PC" failures="0" tests="1" name="scenarios.api.UserJurisdiction_UserIDJurisdictionID" time="0.002" errors="0" timestamp="2022-04-29T11:04:03 IST" skipped="0">
  <testcase classname="scenarios.api.UserJurisdiction_UserIDJurisdictionID" name="filename" time="0.002"/>
  <system-out/>
</testsuite> <!-- scenarios.api.UserJurisdiction_UserIDJurisdictionID -->
