<?xml version="1.0" encoding="UTF-8"?>
<!-- Generated by org.testng.reporters.JUnitReportReporter -->
<testsuite hostname="Lokesh-PC" failures="0" tests="1" name="testsuite1.test.Jurisdiction_GET_with_indistinct" time="49.425" errors="0" timestamp="2022-04-21T14:40:23 IST" skipped="0">
  <testcase classname="testsuite1.test.Jurisdiction_GET_with_indistinct" name="View_All_Jurisdiction" time="49.425"/>
  <system-out/>
</testsuite> <!-- testsuite1.test.Jurisdiction_GET_with_indistinct -->
