<?xml version="1.0" encoding="UTF-8"?>
<!-- Generated by org.testng.reporters.JUnitReportReporter -->
<testsuite hostname="Lokesh-PC" failures="0" tests="1" name="testsuite1.test.Jurisdiction_PUT_with_distinct_JurisdictionID" time="113.142" errors="0" timestamp="2022-04-21T14:40:23 IST" skipped="0">
  <testcase classname="testsuite1.test.Jurisdiction_PUT_with_distinct_JurisdictionID" name="View_Specific_Jurisdiction_using_ID" time="113.142"/>
  <system-out/>
</testsuite> <!-- testsuite1.test.Jurisdiction_PUT_with_distinct_JurisdictionID -->
