<?xml version="1.0" encoding="UTF-8"?>
<!-- Generated by org.testng.reporters.JUnitReportReporter -->
<testsuite hostname="Lokesh-PC" failures="0" tests="1" name="extend.api.CreateReport" time="0.204" errors="0" timestamp="2022-04-15T11:02:23 IST" skipped="0">
  <testcase classname="extend.api.CreateReport" name="extend" time="0.204"/>
  <system-out/>
</testsuite> <!-- extend.api.CreateReport -->
