<?xml version="1.0" encoding="UTF-8"?>
<!-- Generated by org.testng.reporters.JUnitReportReporter -->
<testsuite hostname="Lokesh-PC" failures="0" tests="1" name="testsuite1.test.Jurisdiction_GET_with_distinct_GetJurisdictions_with_JurisdictionID" time="100.489" errors="0" timestamp="2022-04-21T14:40:23 IST" skipped="0">
  <testcase classname="testsuite1.test.Jurisdiction_GET_with_distinct_GetJurisdictions_with_JurisdictionID" name="View_Specific_Jurisdiction_with_GetJurisdictions_using_JuristionID" time="100.489"/>
  <system-out/>
</testsuite> <!-- testsuite1.test.Jurisdiction_GET_with_distinct_GetJurisdictions_with_JurisdictionID -->
