<?xml version="1.0" encoding="UTF-8"?>
<!-- Generated by org.testng.reporters.JUnitReportReporter -->
<testsuite hostname="Lokesh-PC" failures="0" tests="1" name="testsuite1.test.Login_Validation" time="213.555" errors="0" timestamp="2022-03-24T18:05:02 IST" skipped="0">
  <testcase classname="testsuite1.test.Login_Validation" name="All_USER_LOGIN_Validation" time="213.555"/>
  <system-out/>
</testsuite> <!-- testsuite1.test.Login_Validation -->
