<?xml version="1.0" encoding="UTF-8"?>
<!-- Generated by org.testng.reporters.JUnitReportReporter -->
<testsuite hostname="Lokesh-PC" failures="0" tests="1" name="extend.api.CreateReport" time="0.206" errors="0" timestamp="2022-06-13T09:54:03 IST" skipped="0">
  <testcase classname="extend.api.CreateReport" name="extend" time="0.206"/>
  <system-out/>
</testsuite> <!-- extend.api.CreateReport -->
