<?xml version="1.0" encoding="UTF-8"?>
<!-- Generated by org.testng.reporters.JUnitReportReporter -->
<testsuite hostname="Lokesh-PC" failures="0" tests="1" name="testsuite1.test.Jurisdiction_GET_with_indistinct_GetMyJurisdiction" time="5.120" errors="0" timestamp="2022-06-13T09:49:54 IST" skipped="0">
  <testcase classname="testsuite1.test.Jurisdiction_GET_with_indistinct_GetMyJurisdiction" name="View_Specific_Jurisdiction_using_ID" time="5.120"/>
  <system-out/>
</testsuite> <!-- testsuite1.test.Jurisdiction_GET_with_indistinct_GetMyJurisdiction -->
