<?xml version="1.0" encoding="UTF-8"?>
<!-- Generated by org.testng.reporters.JUnitReportReporter -->
<testsuite hostname="Lokesh-PC" failures="0" tests="1" name="scenarios.api.UserJurisdiction_Indistinct" time="0.007" errors="0" timestamp="2022-06-13T09:54:03 IST" skipped="0">
  <testcase classname="scenarios.api.UserJurisdiction_Indistinct" name="filename" time="0.007"/>
  <system-out/>
</testsuite> <!-- scenarios.api.UserJurisdiction_Indistinct -->
