<?xml version="1.0" encoding="UTF-8"?>
<!-- Generated by org.testng.reporters.JUnitReportReporter -->
<testsuite hostname="Lokesh-PC" failures="0" tests="1" name="scenarios.api.EntityType_EntityTypeID" time="0.001" errors="0" timestamp="2022-06-08T15:09:40 IST" skipped="0">
  <testcase classname="scenarios.api.EntityType_EntityTypeID" name="filename" time="0.001"/>
  <system-out/>
</testsuite> <!-- scenarios.api.EntityType_EntityTypeID -->
