<?xml version="1.0" encoding="UTF-8"?>
<!-- Generated by org.testng.reporters.JUnitReportReporter -->
<testsuite hostname="Lokesh-PC" failures="0" tests="1" name="scenarios.api.UserRegion_UserID" time="0.006" errors="0" timestamp="2022-04-21T22:36:26 IST" skipped="0">
  <testcase classname="scenarios.api.UserRegion_UserID" name="filename" time="0.006"/>
  <system-out/>
</testsuite> <!-- scenarios.api.UserRegion_UserID -->
