<?xml version="1.0" encoding="UTF-8"?>
<!-- Generated by org.testng.reporters.JUnitReportReporter -->
<testsuite hostname="Lokesh-PC" failures="0" tests="1" name="testsuite1.test.UserJurisdiction_POST_with_indistinct" time="23.583" errors="0" timestamp="2022-03-24T19:54:25 IST" skipped="0">
  <testcase classname="testsuite1.test.UserJurisdiction_POST_with_indistinct" name="Create_Jurisdiction_depend_with_Region_ID" time="23.583"/>
  <system-out/>
</testsuite> <!-- testsuite1.test.UserJurisdiction_POST_with_indistinct -->
