<?xml version="1.0" encoding="UTF-8"?>
<!-- Generated by org.testng.reporters.JUnitReportReporter -->
<testsuite hostname="Lokesh-PC" failures="0" tests="1" name="scenarios.api.EntityType" time="0.008" errors="0" timestamp="2022-06-09T19:10:37 IST" skipped="0">
  <testcase classname="scenarios.api.EntityType" name="filename" time="0.008"/>
  <system-out/>
</testsuite> <!-- scenarios.api.EntityType -->
