<?xml version="1.0" encoding="UTF-8"?>
<!-- Generated by org.testng.reporters.JUnitReportReporter -->
<testsuite hostname="Lokesh-PC" failures="0" tests="1" name="testsuite1.test.UserJurisdiction_GET_with_distinct_UserID" time="8.820" errors="0" timestamp="2022-03-24T19:54:24 IST" skipped="0">
  <testcase classname="testsuite1.test.UserJurisdiction_GET_with_distinct_UserID" name="View_Specific_UserJurisdiction_using_UserID" time="8.820"/>
  <system-out/>
</testsuite> <!-- testsuite1.test.UserJurisdiction_GET_with_distinct_UserID -->
