<?xml version="1.0" encoding="UTF-8"?>
<!-- Generated by org.testng.reporters.JUnitReportReporter -->
<testsuite hostname="Lokesh-PC" failures="0" tests="1" name="scenarios.api.Jurisdiction_GetJurisdictions" time="0.000" errors="0" timestamp="2022-06-13T09:49:54 IST" skipped="0">
  <testcase classname="scenarios.api.Jurisdiction_GetJurisdictions" name="filename" time="0.000"/>
  <system-out/>
</testsuite> <!-- scenarios.api.Jurisdiction_GetJurisdictions -->
