<?xml version="1.0" encoding="UTF-8"?>
<!-- Generated by org.testng.reporters.JUnitReportReporter -->
<testsuite hostname="Lokesh-PC" failures="0" tests="1" name="testsuite1.test.User_Region_GET_with_indistinct" time="7.725" errors="0" timestamp="2022-03-24T18:12:59 IST" skipped="0">
  <testcase classname="testsuite1.test.User_Region_GET_with_indistinct" name="VIEW_All_UserRegion" time="7.725"/>
  <system-out/>
</testsuite> <!-- testsuite1.test.User_Region_GET_with_indistinct -->
